<?xml version="1.0" encoding="UTF-8"?>
<testng-results ignored="0" total="1" passed="1" failed="0" skipped="0">
  <reporter-output>
  </reporter-output>
  <suite started-at="2021-02-07T17:10:32 IST" name="Suite" finished-at="2021-02-07T17:10:44 IST" duration-ms="12095">
    <groups>
    </groups>
    <test started-at="2021-02-07T17:10:32 IST" name="Test" finished-at="2021-02-07T17:10:44 IST" duration-ms="12095">
      <class name="pkazure.com.azureGit_test.BrowserOpen">
        <test-method signature="OpenAndCloseBrowser()[pri:0, instance:pkazure.com.azureGit_test.BrowserOpen@40cb8df7]" started-at="2021-02-07T17:10:32 IST" name="OpenAndCloseBrowser" finished-at="2021-02-07T17:10:44 IST" duration-ms="12052" status="PASS">
          <reporter-output>
          </reporter-output>
        </test-method> <!-- OpenAndCloseBrowser -->
      </class> <!-- pkazure.com.azureGit_test.BrowserOpen -->
    </test> <!-- Test -->
  </suite> <!-- Suite -->
</testng-results>
